2019-02-10 19:39:23 1476 [Note] Plugin 'FEDERATED' is disabled.
2019-02-10 19:39:24 1476 [Note] InnoDB: The InnoDB memory heap is disabled
2019-02-10 19:39:24 1476 [Note] InnoDB: Mutexes and rw_locks use Windows interlocked functions
2019-02-10 19:39:24 1476 [Note] InnoDB: Compressed tables use zlib 1.2.3
2019-02-10 19:39:24 1476 [Note] InnoDB: Not using CPU crc32 instructions
2019-02-10 19:39:24 1476 [Note] InnoDB: Initializing buffer pool, size = 128.0M
2019-02-10 19:39:24 1476 [Note] InnoDB: Completed initialization of buffer pool
2019-02-10 19:39:24 1476 [Note] InnoDB: Highest supported file format is Barracuda.
2019-02-10 19:39:24 1476 [Note] InnoDB: The log sequence numbers 1626134 and 1626134 in ibdata files do not match the log sequence number 1626696 in the ib_logfiles!
2019-02-10 19:39:24 1476 [Note] InnoDB: Database was not shutdown normally!
2019-02-10 19:39:24 1476 [Note] InnoDB: Starting crash recovery.
2019-02-10 19:39:24 1476 [Note] InnoDB: Reading tablespace information from the .ibd files...
2019-02-10 19:39:26 1476 [Note] InnoDB: Restoring possible half-written data pages 
2019-02-10 19:39:26 1476 [Note] InnoDB: from the doublewrite buffer...
2019-02-10 19:39:35 1476 [Note] InnoDB: 128 rollback segment(s) are active.
2019-02-10 19:39:35 1476 [Note] InnoDB: Waiting for purge to start
2019-02-10 19:39:35 1476 [Note] InnoDB: 5.6.13 started; log sequence number 1626696
2019-02-10 19:39:36 1476 [Note] Server hostname (bind-address): '*'; port: 3307
2019-02-10 19:39:36 1476 [Note] IPv6 is available.
2019-02-10 19:39:37 1476 [Note]   - '::' resolves to '::';
2019-02-10 19:39:37 1476 [Note] Server socket created on IP: '::'.
2019-02-10 20:19:14 3904 [Note] Plugin 'FEDERATED' is disabled.
2019-02-10 20:19:14 3904 [Note] InnoDB: The InnoDB memory heap is disabled
2019-02-10 20:19:14 3904 [Note] InnoDB: Mutexes and rw_locks use Windows interlocked functions
2019-02-10 20:19:14 3904 [Note] InnoDB: Compressed tables use zlib 1.2.3
2019-02-10 20:19:14 3904 [Note] InnoDB: Not using CPU crc32 instructions
2019-02-10 20:19:14 3904 [Note] InnoDB: Initializing buffer pool, size = 128.0M
2019-02-10 20:19:14 3904 [Note] InnoDB: Completed initialization of buffer pool
2019-02-10 20:19:14 3904 [Note] InnoDB: Highest supported file format is Barracuda.
2019-02-10 20:19:14 3904 [Note] InnoDB: The log sequence numbers 1626134 and 1626134 in ibdata files do not match the log sequence number 1626706 in the ib_logfiles!
2019-02-10 20:19:14 3904 [Note] InnoDB: Database was not shutdown normally!
2019-02-10 20:19:14 3904 [Note] InnoDB: Starting crash recovery.
2019-02-10 20:19:14 3904 [Note] InnoDB: Reading tablespace information from the .ibd files...
2019-02-10 20:19:14 3904 [Note] InnoDB: Restoring possible half-written data pages 
2019-02-10 20:19:14 3904 [Note] InnoDB: from the doublewrite buffer...
2019-02-10 20:19:16 3904 [Note] InnoDB: 128 rollback segment(s) are active.
2019-02-10 20:19:16 3904 [Note] InnoDB: Waiting for purge to start
2019-02-10 20:19:16 3904 [Note] InnoDB: 5.6.13 started; log sequence number 1626706
2019-02-10 20:19:16 3904 [Note] Server hostname (bind-address): '*'; port: 3307
2019-02-10 20:19:16 3904 [Note] IPv6 is available.
2019-02-10 20:19:16 3904 [Note]   - '::' resolves to '::';
2019-02-10 20:19:16 3904 [Note] Server socket created on IP: '::'.
2019-02-10 20:19:17 3904 [Note] Event Scheduler: Loaded 0 events
2019-02-10 20:19:17 3904 [Note] D:\ICS4U_Abdul-Moiz Mateen\Summative\UsbWebServer/mysql/bin/mysqld_usbwv8.exe: ready for connections.
Version: '5.6.13'  socket: ''  port: 3307  MySQL Community Server (GPL)
2019-02-11 21:18:01 12644 [Note] Plugin 'FEDERATED' is disabled.
2019-02-11 21:18:01 12644 [Note] InnoDB: The InnoDB memory heap is disabled
2019-02-11 21:18:01 12644 [Note] InnoDB: Mutexes and rw_locks use Windows interlocked functions
2019-02-11 21:18:01 12644 [Note] InnoDB: Compressed tables use zlib 1.2.3
2019-02-11 21:18:01 12644 [Note] InnoDB: Not using CPU crc32 instructions
2019-02-11 21:18:01 12644 [Note] InnoDB: Initializing buffer pool, size = 128.0M
2019-02-11 21:18:01 12644 [Note] InnoDB: Completed initialization of buffer pool
2019-02-11 21:18:01 12644 [Note] InnoDB: Highest supported file format is Barracuda.
2019-02-11 21:18:01 12644 [Note] InnoDB: The log sequence numbers 1626134 and 1626134 in ibdata files do not match the log sequence number 1626726 in the ib_logfiles!
2019-02-11 21:18:01 12644 [Note] InnoDB: Database was not shutdown normally!
2019-02-11 21:18:01 12644 [Note] InnoDB: Starting crash recovery.
2019-02-11 21:18:01 12644 [Note] InnoDB: Reading tablespace information from the .ibd files...
2019-02-11 21:18:01 12644 [Note] InnoDB: Restoring possible half-written data pages 
2019-02-11 21:18:01 12644 [Note] InnoDB: from the doublewrite buffer...
2019-02-11 21:18:03 12644 [Note] InnoDB: 128 rollback segment(s) are active.
2019-02-11 21:18:03 12644 [Note] InnoDB: Waiting for purge to start
2019-02-11 21:18:03 12644 [Note] InnoDB: 5.6.13 started; log sequence number 1626726
2019-02-11 21:18:03 12644 [Note] Server hostname (bind-address): '*'; port: 3307
2019-02-11 21:18:03 12644 [Note] IPv6 is available.
2019-02-11 21:18:03 12644 [Note]   - '::' resolves to '::';
2019-02-11 21:18:03 12644 [Note] Server socket created on IP: '::'.
2019-02-11 21:18:03 12644 [Note] Event Scheduler: Loaded 0 events
2019-02-11 21:18:03 12644 [Note] D:\ICS4U_Abdul-Moiz Mateen\UsbWebServer/mysql/bin/mysqld_usbwv8.exe: ready for connections.
Version: '5.6.13'  socket: ''  port: 3307  MySQL Community Server (GPL)
2019-02-13 18:50:54 7784 [Note] Plugin 'FEDERATED' is disabled.
2019-02-13 18:50:55 7784 [Note] InnoDB: The InnoDB memory heap is disabled
2019-02-13 18:50:55 7784 [Note] InnoDB: Mutexes and rw_locks use Windows interlocked functions
2019-02-13 18:50:55 7784 [Note] InnoDB: Compressed tables use zlib 1.2.3
2019-02-13 18:50:55 7784 [Note] InnoDB: Not using CPU crc32 instructions
2019-02-13 18:50:55 7784 [Note] InnoDB: Initializing buffer pool, size = 128.0M
2019-02-13 18:50:55 7784 [Note] InnoDB: Completed initialization of buffer pool
2019-02-13 18:50:55 7784 [Note] InnoDB: Highest supported file format is Barracuda.
2019-02-13 18:50:55 7784 [Note] InnoDB: The log sequence numbers 1626134 and 1626134 in ibdata files do not match the log sequence number 1626736 in the ib_logfiles!
2019-02-13 18:50:55 7784 [Note] InnoDB: Database was not shutdown normally!
2019-02-13 18:50:55 7784 [Note] InnoDB: Starting crash recovery.
2019-02-13 18:50:55 7784 [Note] InnoDB: Reading tablespace information from the .ibd files...
2019-02-13 18:50:55 7784 [Note] InnoDB: Restoring possible half-written data pages 
2019-02-13 18:50:55 7784 [Note] InnoDB: from the doublewrite buffer...
2019-02-13 18:50:56 7784 [Note] InnoDB: 128 rollback segment(s) are active.
2019-02-13 18:50:56 7784 [Note] InnoDB: Waiting for purge to start
2019-02-13 18:50:56 7784 [Note] InnoDB: 5.6.13 started; log sequence number 1626736
2019-02-13 18:50:56 7784 [Note] Server hostname (bind-address): '*'; port: 3307
2019-02-13 18:50:56 7784 [Note] IPv6 is available.
2019-02-13 18:50:56 7784 [Note]   - '::' resolves to '::';
2019-02-13 18:50:56 7784 [Note] Server socket created on IP: '::'.
2019-02-13 21:49:09 12332 [Note] Plugin 'FEDERATED' is disabled.
2019-02-13 21:49:09 12332 [Note] InnoDB: The InnoDB memory heap is disabled
2019-02-13 21:49:09 12332 [Note] InnoDB: Mutexes and rw_locks use Windows interlocked functions
2019-02-13 21:49:09 12332 [Note] InnoDB: Compressed tables use zlib 1.2.3
2019-02-13 21:49:09 12332 [Note] InnoDB: Not using CPU crc32 instructions
2019-02-13 21:49:09 12332 [Note] InnoDB: Initializing buffer pool, size = 128.0M
2019-02-13 21:49:09 12332 [Note] InnoDB: Completed initialization of buffer pool
2019-02-13 21:49:09 12332 [Note] InnoDB: Highest supported file format is Barracuda.
2019-02-13 21:49:09 12332 [Note] InnoDB: The log sequence numbers 1626134 and 1626134 in ibdata files do not match the log sequence number 1626746 in the ib_logfiles!
2019-02-13 21:49:09 12332 [Note] InnoDB: Database was not shutdown normally!
2019-02-13 21:49:09 12332 [Note] InnoDB: Starting crash recovery.
2019-02-13 21:49:09 12332 [Note] InnoDB: Reading tablespace information from the .ibd files...
2019-02-13 21:49:09 12332 [Note] InnoDB: Restoring possible half-written data pages 
2019-02-13 21:49:09 12332 [Note] InnoDB: from the doublewrite buffer...
2019-02-13 21:49:11 12332 [Note] InnoDB: 128 rollback segment(s) are active.
2019-02-13 21:49:11 12332 [Note] InnoDB: Waiting for purge to start
2019-02-13 21:49:11 12332 [Note] InnoDB: 5.6.13 started; log sequence number 1626746
2019-02-13 21:49:11 12332 [Note] Server hostname (bind-address): '*'; port: 3307
2019-02-13 21:49:11 12332 [Note] IPv6 is available.
2019-02-13 21:49:11 12332 [Note]   - '::' resolves to '::';
2019-02-13 21:49:11 12332 [Note] Server socket created on IP: '::'.
2019-02-14 19:02:12 2304 [Note] Plugin 'FEDERATED' is disabled.
2019-02-14 19:02:12 2304 [Note] InnoDB: The InnoDB memory heap is disabled
2019-02-14 19:02:12 2304 [Note] InnoDB: Mutexes and rw_locks use Windows interlocked functions
2019-02-14 19:02:12 2304 [Note] InnoDB: Compressed tables use zlib 1.2.3
2019-02-14 19:02:12 2304 [Note] InnoDB: Not using CPU crc32 instructions
2019-02-14 19:02:12 2304 [Note] InnoDB: Initializing buffer pool, size = 128.0M
2019-02-14 19:02:12 2304 [Note] InnoDB: Completed initialization of buffer pool
2019-02-14 19:02:12 2304 [Note] InnoDB: Highest supported file format is Barracuda.
2019-02-14 19:02:12 2304 [Note] InnoDB: The log sequence numbers 1626134 and 1626134 in ibdata files do not match the log sequence number 1626776 in the ib_logfiles!
2019-02-14 19:02:12 2304 [Note] InnoDB: Database was not shutdown normally!
2019-02-14 19:02:12 2304 [Note] InnoDB: Starting crash recovery.
2019-02-14 19:02:12 2304 [Note] InnoDB: Reading tablespace information from the .ibd files...
2019-02-14 19:02:12 2304 [Note] InnoDB: Restoring possible half-written data pages 
2019-02-14 19:02:12 2304 [Note] InnoDB: from the doublewrite buffer...
2019-02-14 19:02:15 2304 [Note] InnoDB: 128 rollback segment(s) are active.
2019-02-14 19:02:15 2304 [Note] InnoDB: Waiting for purge to start
2019-02-14 19:02:15 2304 [Note] InnoDB: 5.6.13 started; log sequence number 1626776
2019-02-14 19:02:15 2304 [Note] Server hostname (bind-address): '*'; port: 3307
2019-02-14 19:02:15 2304 [Note] IPv6 is available.
2019-02-14 19:02:16 2304 [Note]   - '::' resolves to '::';
2019-02-14 19:02:16 2304 [Note] Server socket created on IP: '::'.
2019-02-14 19:02:16 2304 [Note] Event Scheduler: Loaded 0 events
2019-02-14 19:02:16 2304 [Note] D:\ICS4U_Abdul-Moiz Mateen\UsbWebServer/mysql/bin/mysqld_usbwv8.exe: ready for connections.
Version: '5.6.13'  socket: ''  port: 3307  MySQL Community Server (GPL)
2019-02-19 21:52:16 7172 [Note] Plugin 'FEDERATED' is disabled.
2019-02-19 21:52:16 7172 [Note] InnoDB: The InnoDB memory heap is disabled
2019-02-19 21:52:16 7172 [Note] InnoDB: Mutexes and rw_locks use Windows interlocked functions
2019-02-19 21:52:16 7172 [Note] InnoDB: Compressed tables use zlib 1.2.3
2019-02-19 21:52:16 7172 [Note] InnoDB: Not using CPU crc32 instructions
2019-02-19 21:52:16 7172 [Note] InnoDB: Initializing buffer pool, size = 128.0M
2019-02-19 21:52:16 7172 [Note] InnoDB: Completed initialization of buffer pool
2019-02-19 21:52:16 7172 [Note] InnoDB: Highest supported file format is Barracuda.
2019-02-19 21:52:16 7172 [Note] InnoDB: The log sequence numbers 1626134 and 1626134 in ibdata files do not match the log sequence number 1626806 in the ib_logfiles!
2019-02-19 21:52:16 7172 [Note] InnoDB: Database was not shutdown normally!
2019-02-19 21:52:16 7172 [Note] InnoDB: Starting crash recovery.
2019-02-19 21:52:16 7172 [Note] InnoDB: Reading tablespace information from the .ibd files...
2019-02-19 21:52:16 7172 [Note] InnoDB: Restoring possible half-written data pages 
2019-02-19 21:52:16 7172 [Note] InnoDB: from the doublewrite buffer...
2019-02-19 21:52:19 7172 [Note] InnoDB: 128 rollback segment(s) are active.
2019-02-19 21:52:19 7172 [Note] InnoDB: Waiting for purge to start
2019-02-19 21:52:19 7172 [Note] InnoDB: 5.6.13 started; log sequence number 1626806
2019-02-19 21:52:19 7172 [Note] Server hostname (bind-address): '*'; port: 3307
2019-02-19 21:52:19 7172 [Note] IPv6 is available.
2019-02-19 21:52:19 7172 [Note]   - '::' resolves to '::';
2019-02-19 21:52:19 7172 [Note] Server socket created on IP: '::'.
2019-02-19 21:52:24 7172 [Note] Event Scheduler: Loaded 0 events
2019-02-19 21:52:24 7172 [Note] D:\ICS4U_Abdul-Moiz Mateen\UsbWebServer/mysql/bin/mysqld_usbwv8.exe: ready for connections.
Version: '5.6.13'  socket: ''  port: 3307  MySQL Community Server (GPL)
2019-02-20 21:48:09 5004 [Note] Plugin 'FEDERATED' is disabled.
2019-02-20 21:48:09 5004 [Note] InnoDB: The InnoDB memory heap is disabled
2019-02-20 21:48:09 5004 [Note] InnoDB: Mutexes and rw_locks use Windows interlocked functions
2019-02-20 21:48:09 5004 [Note] InnoDB: Compressed tables use zlib 1.2.3
2019-02-20 21:48:09 5004 [Note] InnoDB: Not using CPU crc32 instructions
2019-02-20 21:48:09 5004 [Note] InnoDB: Initializing buffer pool, size = 128.0M
2019-02-20 21:48:10 5004 [Note] InnoDB: Completed initialization of buffer pool
2019-02-20 21:48:10 5004 [Note] InnoDB: Highest supported file format is Barracuda.
2019-02-20 21:48:10 5004 [Note] InnoDB: The log sequence numbers 1626134 and 1626134 in ibdata files do not match the log sequence number 1626836 in the ib_logfiles!
2019-02-20 21:48:10 5004 [Note] InnoDB: Database was not shutdown normally!
2019-02-20 21:48:10 5004 [Note] InnoDB: Starting crash recovery.
2019-02-20 21:48:10 5004 [Note] InnoDB: Reading tablespace information from the .ibd files...
2019-02-20 21:48:10 5004 [Note] InnoDB: Restoring possible half-written data pages 
2019-02-20 21:48:10 5004 [Note] InnoDB: from the doublewrite buffer...
2019-02-20 21:48:12 5004 [Note] InnoDB: 128 rollback segment(s) are active.
2019-02-20 21:48:12 5004 [Note] InnoDB: Waiting for purge to start
2019-02-20 21:48:12 5004 [Note] InnoDB: 5.6.13 started; log sequence number 1626836
2019-02-20 21:48:12 5004 [Note] Server hostname (bind-address): '*'; port: 3307
2019-02-20 21:48:12 5004 [Note] IPv6 is available.
2019-02-20 21:48:12 5004 [Note]   - '::' resolves to '::';
2019-02-20 21:48:12 5004 [Note] Server socket created on IP: '::'.
2019-02-20 22:25:28 380 [Note] Plugin 'FEDERATED' is disabled.
2019-02-20 22:25:28 380 [Note] InnoDB: The InnoDB memory heap is disabled
2019-02-20 22:25:28 380 [Note] InnoDB: Mutexes and rw_locks use Windows interlocked functions
2019-02-20 22:25:28 380 [Note] InnoDB: Compressed tables use zlib 1.2.3
2019-02-20 22:25:28 380 [Note] InnoDB: Not using CPU crc32 instructions
2019-02-20 22:25:28 380 [Note] InnoDB: Initializing buffer pool, size = 128.0M
2019-02-20 22:25:28 380 [Note] InnoDB: Completed initialization of buffer pool
2019-02-20 22:25:28 380 [Note] InnoDB: Highest supported file format is Barracuda.
2019-02-20 22:25:28 380 [Note] InnoDB: The log sequence numbers 1626134 and 1626134 in ibdata files do not match the log sequence number 1626846 in the ib_logfiles!
2019-02-20 22:25:28 380 [Note] InnoDB: Database was not shutdown normally!
2019-02-20 22:25:28 380 [Note] InnoDB: Starting crash recovery.
2019-02-20 22:25:28 380 [Note] InnoDB: Reading tablespace information from the .ibd files...
2019-02-20 22:25:28 380 [Note] InnoDB: Restoring possible half-written data pages 
2019-02-20 22:25:28 380 [Note] InnoDB: from the doublewrite buffer...
2019-02-20 22:25:30 380 [Note] InnoDB: 128 rollback segment(s) are active.
2019-02-20 22:25:30 380 [Note] InnoDB: Waiting for purge to start
2019-02-20 22:25:30 380 [Note] InnoDB: 5.6.13 started; log sequence number 1626846
2019-02-20 22:25:30 380 [Note] Server hostname (bind-address): '*'; port: 3307
2019-02-20 22:25:30 380 [Note] IPv6 is available.
2019-02-20 22:25:30 380 [Note]   - '::' resolves to '::';
2019-02-20 22:25:30 380 [Note] Server socket created on IP: '::'.
2019-02-21 17:14:16 7448 [Note] Plugin 'FEDERATED' is disabled.
2019-02-21 17:14:17 7448 [Note] InnoDB: The InnoDB memory heap is disabled
2019-02-21 17:14:17 7448 [Note] InnoDB: Mutexes and rw_locks use Windows interlocked functions
2019-02-21 17:14:17 7448 [Note] InnoDB: Compressed tables use zlib 1.2.3
2019-02-21 17:14:17 7448 [Note] InnoDB: Not using CPU crc32 instructions
2019-02-21 17:14:17 7448 [Note] InnoDB: Initializing buffer pool, size = 128.0M
2019-02-21 17:14:17 7448 [Note] InnoDB: Completed initialization of buffer pool
2019-02-21 17:14:17 7448 [Note] InnoDB: Highest supported file format is Barracuda.
2019-02-21 17:14:17 7448 [Note] InnoDB: The log sequence numbers 1626134 and 1626134 in ibdata files do not match the log sequence number 1626856 in the ib_logfiles!
2019-02-21 17:14:17 7448 [Note] InnoDB: Database was not shutdown normally!
2019-02-21 17:14:17 7448 [Note] InnoDB: Starting crash recovery.
2019-02-21 17:14:17 7448 [Note] InnoDB: Reading tablespace information from the .ibd files...
2019-02-21 17:14:18 7448 [Note] InnoDB: Restoring possible half-written data pages 
2019-02-21 17:14:18 7448 [Note] InnoDB: from the doublewrite buffer...
2019-02-21 17:14:23 7448 [Note] InnoDB: 128 rollback segment(s) are active.
2019-02-21 17:14:25 7448 [Note] InnoDB: Waiting for purge to start
2019-02-21 17:14:25 7448 [Note] InnoDB: 5.6.13 started; log sequence number 1626856
2019-02-21 17:14:25 7448 [Note] Server hostname (bind-address): '*'; port: 3307
2019-02-21 17:14:25 7448 [Note] IPv6 is available.
2019-02-21 17:14:25 7448 [Note]   - '::' resolves to '::';
2019-02-21 17:14:25 7448 [Note] Server socket created on IP: '::'.
2019-02-21 17:14:32 7448 [Note] Event Scheduler: Loaded 0 events
2019-02-21 17:14:32 7448 [Note] D:\ICS4U_Abdul-Moiz Mateen\UsbWebServer/mysql/bin/mysqld_usbwv8.exe: ready for connections.
Version: '5.6.13'  socket: ''  port: 3307  MySQL Community Server (GPL)
2019-02-21 20:51:48 8544 [Note] Plugin 'FEDERATED' is disabled.
2019-02-21 20:51:48 8544 [Note] InnoDB: The InnoDB memory heap is disabled
2019-02-21 20:51:48 8544 [Note] InnoDB: Mutexes and rw_locks use Windows interlocked functions
2019-02-21 20:51:48 8544 [Note] InnoDB: Compressed tables use zlib 1.2.3
2019-02-21 20:51:48 8544 [Note] InnoDB: Not using CPU crc32 instructions
2019-02-21 20:51:48 8544 [Note] InnoDB: Initializing buffer pool, size = 128.0M
2019-02-21 20:51:48 8544 [Note] InnoDB: Completed initialization of buffer pool
2019-02-21 20:51:48 8544 [Note] InnoDB: Highest supported file format is Barracuda.
2019-02-21 20:51:48 8544 [Note] InnoDB: The log sequence numbers 1626134 and 1626134 in ibdata files do not match the log sequence number 1626866 in the ib_logfiles!
2019-02-21 20:51:48 8544 [Note] InnoDB: Database was not shutdown normally!
2019-02-21 20:51:48 8544 [Note] InnoDB: Starting crash recovery.
2019-02-21 20:51:48 8544 [Note] InnoDB: Reading tablespace information from the .ibd files...
2019-02-21 20:51:48 8544 [Note] InnoDB: Restoring possible half-written data pages 
2019-02-21 20:51:48 8544 [Note] InnoDB: from the doublewrite buffer...
2019-02-21 20:51:50 8544 [Note] InnoDB: 128 rollback segment(s) are active.
2019-02-21 20:51:50 8544 [Note] InnoDB: Waiting for purge to start
2019-02-21 20:51:50 8544 [Note] InnoDB: 5.6.13 started; log sequence number 1626866
2019-02-21 20:51:50 8544 [Note] Server hostname (bind-address): '*'; port: 3307
2019-02-21 20:51:50 8544 [Note] IPv6 is available.
2019-02-21 20:51:50 8544 [Note]   - '::' resolves to '::';
2019-02-21 20:51:50 8544 [Note] Server socket created on IP: '::'.
2019-02-22 17:43:25 12888 [Note] Plugin 'FEDERATED' is disabled.
2019-02-22 17:43:25 12888 [Note] InnoDB: The InnoDB memory heap is disabled
2019-02-22 17:43:25 12888 [Note] InnoDB: Mutexes and rw_locks use Windows interlocked functions
2019-02-22 17:43:25 12888 [Note] InnoDB: Compressed tables use zlib 1.2.3
2019-02-22 17:43:25 12888 [Note] InnoDB: Not using CPU crc32 instructions
2019-02-22 17:43:25 12888 [Note] InnoDB: Initializing buffer pool, size = 128.0M
2019-02-22 17:43:25 12888 [Note] InnoDB: Completed initialization of buffer pool
2019-02-22 17:43:25 12888 [Note] InnoDB: Highest supported file format is Barracuda.
2019-02-22 17:43:25 12888 [Note] InnoDB: The log sequence numbers 1626134 and 1626134 in ibdata files do not match the log sequence number 1626896 in the ib_logfiles!
2019-02-22 17:43:25 12888 [Note] InnoDB: Database was not shutdown normally!
2019-02-22 17:43:25 12888 [Note] InnoDB: Starting crash recovery.
2019-02-22 17:43:25 12888 [Note] InnoDB: Reading tablespace information from the .ibd files...
2019-02-22 17:43:25 12888 [Note] InnoDB: Restoring possible half-written data pages 
2019-02-22 17:43:25 12888 [Note] InnoDB: from the doublewrite buffer...
2019-02-22 17:43:27 12888 [Note] InnoDB: 128 rollback segment(s) are active.
2019-02-22 17:43:27 12888 [Note] InnoDB: Waiting for purge to start
2019-02-22 17:43:27 12888 [Note] InnoDB: 5.6.13 started; log sequence number 1626896
2019-02-22 17:43:27 12888 [Note] Server hostname (bind-address): '*'; port: 3307
2019-02-22 17:43:27 12888 [Note] IPv6 is available.
2019-02-22 17:43:27 12888 [Note]   - '::' resolves to '::';
2019-02-22 17:43:27 12888 [Note] Server socket created on IP: '::'.
2019-02-22 19:37:00 8876 [Note] Plugin 'FEDERATED' is disabled.
2019-02-22 19:37:00 8876 [Note] InnoDB: The InnoDB memory heap is disabled
2019-02-22 19:37:00 8876 [Note] InnoDB: Mutexes and rw_locks use Windows interlocked functions
2019-02-22 19:37:00 8876 [Note] InnoDB: Compressed tables use zlib 1.2.3
2019-02-22 19:37:00 8876 [Note] InnoDB: Not using CPU crc32 instructions
2019-02-22 19:37:00 8876 [Note] InnoDB: Initializing buffer pool, size = 128.0M
2019-02-22 19:37:00 8876 [Note] InnoDB: Completed initialization of buffer pool
2019-02-22 19:37:00 8876 [Note] InnoDB: Highest supported file format is Barracuda.
2019-02-22 19:37:00 8876 [Note] InnoDB: The log sequence numbers 1626134 and 1626134 in ibdata files do not match the log sequence number 1626906 in the ib_logfiles!
2019-02-22 19:37:00 8876 [Note] InnoDB: Database was not shutdown normally!
2019-02-22 19:37:00 8876 [Note] InnoDB: Starting crash recovery.
2019-02-22 19:37:00 8876 [Note] InnoDB: Reading tablespace information from the .ibd files...
2019-02-22 19:37:00 8876 [Note] InnoDB: Restoring possible half-written data pages 
2019-02-22 19:37:00 8876 [Note] InnoDB: from the doublewrite buffer...
2019-02-22 19:37:02 8876 [Note] InnoDB: 128 rollback segment(s) are active.
2019-02-22 19:37:02 8876 [Note] InnoDB: Waiting for purge to start
2019-02-22 19:37:02 8876 [Note] InnoDB: 5.6.13 started; log sequence number 1626906
2019-02-22 19:37:02 8876 [Note] Server hostname (bind-address): '*'; port: 3307
2019-02-22 19:37:02 8876 [Note] IPv6 is available.
2019-02-22 19:37:02 8876 [Note]   - '::' resolves to '::';
2019-02-22 19:37:02 8876 [Note] Server socket created on IP: '::'.
2019-02-22 20:58:01 13256 [Note] Plugin 'FEDERATED' is disabled.
2019-02-22 20:58:01 13256 [Note] InnoDB: The InnoDB memory heap is disabled
2019-02-22 20:58:01 13256 [Note] InnoDB: Mutexes and rw_locks use Windows interlocked functions
2019-02-22 20:58:01 13256 [Note] InnoDB: Compressed tables use zlib 1.2.3
2019-02-22 20:58:01 13256 [Note] InnoDB: Not using CPU crc32 instructions
2019-02-22 20:58:01 13256 [Note] InnoDB: Initializing buffer pool, size = 128.0M
2019-02-22 20:58:01 13256 [Note] InnoDB: Completed initialization of buffer pool
2019-02-22 20:58:01 13256 [Note] InnoDB: Highest supported file format is Barracuda.
2019-02-22 20:58:01 13256 [Note] InnoDB: The log sequence numbers 1626134 and 1626134 in ibdata files do not match the log sequence number 1626916 in the ib_logfiles!
2019-02-22 20:58:02 13256 [Note] InnoDB: Database was not shutdown normally!
2019-02-22 20:58:02 13256 [Note] InnoDB: Starting crash recovery.
2019-02-22 20:58:02 13256 [Note] InnoDB: Reading tablespace information from the .ibd files...
2019-02-22 20:58:02 13256 [Note] InnoDB: Restoring possible half-written data pages 
2019-02-22 20:58:02 13256 [Note] InnoDB: from the doublewrite buffer...
2019-02-22 20:58:04 13256 [Note] InnoDB: 128 rollback segment(s) are active.
2019-02-22 20:58:04 13256 [Note] InnoDB: Waiting for purge to start
2019-02-22 20:58:04 13256 [Note] InnoDB: 5.6.13 started; log sequence number 1626916
2019-02-22 20:58:04 13256 [Note] Server hostname (bind-address): '*'; port: 3307
2019-02-22 20:58:04 13256 [Note] IPv6 is available.
2019-02-22 20:58:04 13256 [Note]   - '::' resolves to '::';
2019-02-22 20:58:04 13256 [Note] Server socket created on IP: '::'.
2019-02-23 17:05:48 17488 [Note] Plugin 'FEDERATED' is disabled.
2019-02-23 17:05:49 17488 [Note] InnoDB: The InnoDB memory heap is disabled
2019-02-23 17:05:49 17488 [Note] InnoDB: Mutexes and rw_locks use Windows interlocked functions
2019-02-23 17:05:49 17488 [Note] InnoDB: Compressed tables use zlib 1.2.3
2019-02-23 17:05:49 17488 [Note] InnoDB: Not using CPU crc32 instructions
2019-02-23 17:05:50 17488 [Note] InnoDB: Initializing buffer pool, size = 128.0M
2019-02-23 17:05:50 17488 [Note] InnoDB: Completed initialization of buffer pool
2019-02-23 17:05:50 17488 [Note] InnoDB: Highest supported file format is Barracuda.
2019-02-23 17:05:50 17488 [Note] InnoDB: The log sequence numbers 1626134 and 1626134 in ibdata files do not match the log sequence number 1626926 in the ib_logfiles!
2019-02-23 17:05:50 17488 [Note] InnoDB: Database was not shutdown normally!
2019-02-23 17:05:50 17488 [Note] InnoDB: Starting crash recovery.
2019-02-23 17:05:50 17488 [Note] InnoDB: Reading tablespace information from the .ibd files...
2019-02-23 17:05:50 17488 [Note] InnoDB: Restoring possible half-written data pages 
2019-02-23 17:05:50 17488 [Note] InnoDB: from the doublewrite buffer...
2019-02-23 17:05:52 17488 [Note] InnoDB: 128 rollback segment(s) are active.
2019-02-23 17:05:52 17488 [Note] InnoDB: Waiting for purge to start
2019-02-23 17:05:52 17488 [Note] InnoDB: 5.6.13 started; log sequence number 1626926
2019-02-23 17:05:52 17488 [Note] Server hostname (bind-address): '*'; port: 3307
2019-02-23 17:05:52 17488 [Note] IPv6 is available.
2019-02-23 17:05:52 17488 [Note]   - '::' resolves to '::';
2019-02-23 17:05:52 17488 [Note] Server socket created on IP: '::'.
2019-02-24 12:04:06 14436 [Note] Plugin 'FEDERATED' is disabled.
2019-02-24 12:04:08 14436 [Note] InnoDB: The InnoDB memory heap is disabled
2019-02-24 12:04:08 14436 [Note] InnoDB: Mutexes and rw_locks use Windows interlocked functions
2019-02-24 12:04:08 14436 [Note] InnoDB: Compressed tables use zlib 1.2.3
2019-02-24 12:04:08 14436 [Note] InnoDB: Not using CPU crc32 instructions
2019-02-24 12:04:08 14436 [Note] InnoDB: Initializing buffer pool, size = 128.0M
2019-02-24 12:04:08 14436 [Note] InnoDB: Completed initialization of buffer pool
2019-02-24 12:04:08 14436 [Note] InnoDB: Highest supported file format is Barracuda.
2019-02-24 12:04:08 14436 [Note] InnoDB: The log sequence numbers 1626134 and 1626134 in ibdata files do not match the log sequence number 1626936 in the ib_logfiles!
2019-02-24 12:04:08 14436 [Note] InnoDB: Database was not shutdown normally!
2019-02-24 12:04:08 14436 [Note] InnoDB: Starting crash recovery.
2019-02-24 12:04:08 14436 [Note] InnoDB: Reading tablespace information from the .ibd files...
2019-02-24 12:04:08 14436 [Note] InnoDB: Restoring possible half-written data pages 
2019-02-24 12:04:08 14436 [Note] InnoDB: from the doublewrite buffer...
2019-02-24 12:04:14 14436 [Note] InnoDB: 128 rollback segment(s) are active.
2019-02-24 12:04:14 14436 [Note] InnoDB: Waiting for purge to start
2019-02-24 12:04:14 14436 [Note] InnoDB: 5.6.13 started; log sequence number 1626936
2019-02-24 12:04:14 14436 [Note] Server hostname (bind-address): '*'; port: 3307
2019-02-24 12:04:14 14436 [Note] IPv6 is available.
2019-02-24 12:04:14 14436 [Note]   - '::' resolves to '::';
2019-02-24 12:04:14 14436 [Note] Server socket created on IP: '::'.
2019-02-24 12:04:22 14436 [Note] Event Scheduler: Loaded 0 events
2019-02-24 12:04:22 14436 [Note] D:\ICS4U_Abdul-Moiz Mateen\UsbWebServer/mysql/bin/mysqld_usbwv8.exe: ready for connections.
Version: '5.6.13'  socket: ''  port: 3307  MySQL Community Server (GPL)
2019-02-25 13:20:24 6216 [Note] Plugin 'FEDERATED' is disabled.
2019-02-25 13:20:26 6216 [Note] InnoDB: The InnoDB memory heap is disabled
2019-02-25 13:20:26 6216 [Note] InnoDB: Mutexes and rw_locks use Windows interlocked functions
2019-02-25 13:20:26 6216 [Note] InnoDB: Compressed tables use zlib 1.2.3
2019-02-25 13:20:26 6216 [Note] InnoDB: Not using CPU crc32 instructions
2019-02-25 13:20:26 6216 [Note] InnoDB: Initializing buffer pool, size = 128.0M
2019-02-25 13:20:26 6216 [Note] InnoDB: Completed initialization of buffer pool
2019-02-25 13:20:26 6216 [Note] InnoDB: Highest supported file format is Barracuda.
2019-02-25 13:20:26 6216 [Note] InnoDB: The log sequence numbers 1626134 and 1626134 in ibdata files do not match the log sequence number 1626946 in the ib_logfiles!
2019-02-25 13:20:26 6216 [Note] InnoDB: Database was not shutdown normally!
2019-02-25 13:20:26 6216 [Note] InnoDB: Starting crash recovery.
2019-02-25 13:20:26 6216 [Note] InnoDB: Reading tablespace information from the .ibd files...
2019-02-25 13:20:26 6216 [Note] InnoDB: Restoring possible half-written data pages 
2019-02-25 13:20:26 6216 [Note] InnoDB: from the doublewrite buffer...
2019-02-25 13:20:28 6216 [Note] InnoDB: 128 rollback segment(s) are active.
2019-02-25 13:20:28 6216 [Note] InnoDB: Waiting for purge to start
2019-02-25 13:20:28 6216 [Note] InnoDB: 5.6.13 started; log sequence number 1626946
2019-02-25 13:20:28 6216 [Note] Server hostname (bind-address): '*'; port: 3307
2019-02-25 13:20:28 6216 [Note] IPv6 is available.
2019-02-25 13:20:28 6216 [Note]   - '::' resolves to '::';
2019-02-25 13:20:28 6216 [Note] Server socket created on IP: '::'.
2019-02-25 19:21:46 7748 [Note] Plugin 'FEDERATED' is disabled.
2019-02-25 19:21:46 7748 [Note] InnoDB: The InnoDB memory heap is disabled
2019-02-25 19:21:46 7748 [Note] InnoDB: Mutexes and rw_locks use Windows interlocked functions
2019-02-25 19:21:46 7748 [Note] InnoDB: Compressed tables use zlib 1.2.3
2019-02-25 19:21:46 7748 [Note] InnoDB: Not using CPU crc32 instructions
2019-02-25 19:21:46 7748 [Note] InnoDB: Initializing buffer pool, size = 128.0M
2019-02-25 19:21:46 7748 [Note] InnoDB: Completed initialization of buffer pool
2019-02-25 19:21:46 7748 [Note] InnoDB: Highest supported file format is Barracuda.
2019-02-25 19:21:46 7748 [Note] InnoDB: The log sequence numbers 1626134 and 1626134 in ibdata files do not match the log sequence number 1626956 in the ib_logfiles!
2019-02-25 19:21:46 7748 [Note] InnoDB: Database was not shutdown normally!
2019-02-25 19:21:46 7748 [Note] InnoDB: Starting crash recovery.
2019-02-25 19:21:46 7748 [Note] InnoDB: Reading tablespace information from the .ibd files...
2019-02-25 19:21:46 7748 [Note] InnoDB: Restoring possible half-written data pages 
2019-02-25 19:21:46 7748 [Note] InnoDB: from the doublewrite buffer...
2019-02-25 19:21:49 7748 [Note] InnoDB: 128 rollback segment(s) are active.
2019-02-25 19:21:49 7748 [Note] InnoDB: Waiting for purge to start
2019-02-25 19:21:49 7748 [Note] InnoDB: 5.6.13 started; log sequence number 1626956
2019-02-25 19:21:49 7748 [Note] Server hostname (bind-address): '*'; port: 3307
2019-02-25 19:21:49 7748 [Note] IPv6 is available.
2019-02-25 19:21:49 7748 [Note]   - '::' resolves to '::';
2019-02-25 19:21:49 7748 [Note] Server socket created on IP: '::'.
